IMG_5758.JPG 1 120 100 422 838
IMG_5770.JPG 1 187 230 314 763
IMG_5814.JPG 1 157 107 419 855
IMG_5815.JPG 1 201 130 389 811
IMG_5816.JPG 1 169 98 407 842
IMG_5817.JPG 1 96 62 491 915
IMG_5818.JPG 1 85 94 555 930
IMG_5819.JPG 1 4 72 615 952
IMG_5820.JPG 1 117 32 574 985
IMG_5821.JPG 1 107 53 569 961
IMG_5822.JPG 1 13 105 550 919
IMG_5823.JPG 1 124 72 486 891
IMG_5824.JPG 1 189 44 467 876
IMG_5825.JPG 1 250 49 475 881
IMG_5826.JPG 1 298 50 470 887
IMG_5827.JPG 1 14 75 549 866
IMG_5828.JPG 1 20 77 456 863
IMG_5829.JPG 1 221 169 365 855
IMG_5830.JPG 1 178 139 424 885
IMG_5831.JPG 1 143 149 393 872
IMG_5832.JPG 1 213 9 302 830
IMG_5833.JPG 1 210 138 276 777
IMG_5834.JPG 1 236 132 248 660
IMG_5835.JPG 1 310 156 245 640
IMG_5836.JPG 1 202 129 290 655
IMG_5837.JPG 1 195 298 326 687
IMG_5838.JPG 1 87 239 443 761
IMG_5839.JPG 1 59 119 531 862
IMG_5840.JPG 1 58 104 522 852
IMG_5871.JPG 1 201 145 384 844
IMG_5872.JPG 1 90 137 332 811
IMG_5873.JPG 1 1 118 374 836
IMG_5874.JPG 1 3 116 392 843
IMG_5875.JPG 1 129 162 319 818
IMG_5876.JPG 1 233 69 266 873
IMG_5877.JPG 1 167 42 340 855
IMG_5878.JPG 1 248 16 345 850
IMG_5879.JPG 1 215 32 386 908
IMG_5880.JPG 1 170 94 369 882
IMG_5881.JPG 1 164 98 354 854
IMG_5882.JPG 1 224 167 251 713
IMG_5883.JPG 1 226 187 236 727
IMG_5884.JPG 1 164 143 315 760
IMG_5885.JPG 1 187 114 334 831
IMG_5886.JPG 1 214 104 310 882
IMG_5887.JPG 1 222 134 295 862
IMG_5888.JPG 1 223 133 290 763
IMG_5889.JPG 1 200 138 281 734
IMG_5890.JPG 1 219 128 239 745
IMG_5891.JPG 1 241 128 292 746
IMG_5892.JPG 1 247 139 296 831
IMG_5893.JPG 1 289 162 290 837
IMG_5894.JPG 1 258 194 272 761
IMG_5895.JPG 1 285 203 266 764
IMG_5896.JPG 1 264 227 243 745
IMG_5908.JPG 1 250 178 251 618
IMG_5909.JPG 1 182 144 325 721
IMG_5910.JPG 1 130 155 355 770
IMG_5911.JPG 1 91 226 368 796
IMG_5912.JPG 1 197 186 368 805
IMG_5913.JPG 1 143 169 390 820
IMG_5914.JPG 1 134 110 337 786
IMG_5915.JPG 1 80 133 367 775
IMG_5916.JPG 1 162 207 293 780
IMG_5917.JPG 1 248 94 283 818
IMG_5918.JPG 1 299 53 302 825
IMG_5919.JPG 1 286 81 291 790
IMG_5920.JPG 1 165 160 303 805
IMG_5921.JPG 1 199 66 356 838
IMG_5922.JPG 1 179 76 423 875
IMG_5923.JPG 1 211 140 298 832
IMG_5924.JPG 1 177 105 279 783
IMG_5925.JPG 1 176 140 283 775
IMG_5926.JPG 1 197 259 248 764
IMG_5927.JPG 1 237 98 282 869
IMG_5928.JPG 1 130 118 300 889
IMG_5929.JPG 1 258 1 379 882
IMG_5930.JPG 1 273 4 364 876
IMG_5931.JPG 1 90 126 327 818
IMG_5932.JPG 1 241 161 236 699
IMG_5933.JPG 1 279 180 211 672